生成启动时间为 2015-9-19 星期六 23:41:22。
     1>项目“e:\CodeingBoy\Documents\Visual Studio 2015\Projects\MFCApplication1\MFCApplication1\MFCApplication1.vcxproj”在节点 2 上(Build 个目标)。
     1>ClCompile:
         D:\Microsoft Visual Studio 14.0\VC\bin\x86_amd64\CL.exe /c /ZI /nologo /W3 /WX- /sdl /Od /D _WINDOWS /D _DEBUG /D _UNICODE /D UNICODE /D _AFXDLL /Gm /EHsc /RTC1 /MDd /GS /fp:precise /Zc:wchar_t /Zc:forScope /Zc:inline /Yc"stdafx.h" /Fp"x64\Debug\MFCApplication1.pch" /Fo"x64\Debug\\" /Fd"x64\Debug\vc140.pdb" /Gd /TP /errorReport:prompt stdafx.cpp
         stdafx.cpp
         D:\Microsoft Visual Studio 14.0\VC\bin\x86_amd64\CL.exe /c /ZI /nologo /W3 /WX- /sdl /Od /D _WINDOWS /D _DEBUG /D _UNICODE /D UNICODE /D _AFXDLL /Gm /EHsc /RTC1 /MDd /GS /fp:precise /Zc:wchar_t /Zc:forScope /Zc:inline /Yu"stdafx.h" /Fp"x64\Debug\MFCApplication1.pch" /Fo"x64\Debug\\" /Fd"x64\Debug\vc140.pdb" /Gd /TP /errorReport:prompt MainDlg.cpp MFCApplication1.cpp WifiManager.cpp
         WifiManager.cpp
         MFCApplication1.cpp
         MainDlg.cpp
         正在生成代码...
       ResourceCompile:
         C:\Program Files (x86)\Windows Kits\8.1\bin\x86\rc.exe /D _DEBUG /D _UNICODE /D UNICODE /D _AFXDLL /l"0x0804" /Ix64\Debug\ /nologo /fo"x64\Debug\MFCApplication1.res" MFCApplication1.rc 
       Link:
         D:\Microsoft Visual Studio 14.0\VC\bin\x86_amd64\link.exe /ERRORREPORT:PROMPT /OUT:"e:\CodeingBoy\Documents\Visual Studio 2015\Projects\MFCApplication1\x64\Debug\MFCApplication1.exe" /INCREMENTAL /NOLOGO /MANIFEST /MANIFESTUAC:"level='asInvoker' uiAccess='false'" /manifest:embed /manifestinput:"D:\Microsoft Visual Studio 14.0\VC\Include\Manifest\dpiaware.manifest" /Debug /PDB:"e:\CodeingBoy\Documents\Visual Studio 2015\Projects\MFCApplication1\x64\Debug\MFCApplication1.pdb" /SUBSYSTEM:WINDOWS /TLBID:1 /ENTRY:"wWinMainCRTStartup" /DYNAMICBASE /NXCOMPAT /IMPLIB:"e:\CodeingBoy\Documents\Visual Studio 2015\Projects\MFCApplication1\x64\Debug\MFCApplication1.lib" /MACHINE:X64 x64\Debug\MFCApplication1.res
         x64\Debug\MainDlg.obj
         x64\Debug\MFCApplication1.obj
         x64\Debug\stdafx.obj
         x64\Debug\WifiManager.obj
         MFCApplication1.vcxproj -> e:\CodeingBoy\Documents\Visual Studio 2015\Projects\MFCApplication1\x64\Debug\MFCApplication1.exe
     1>已完成生成项目“e:\CodeingBoy\Documents\Visual Studio 2015\Projects\MFCApplication1\MFCApplication1\MFCApplication1.vcxproj”(Build 个目标)的操作。

已成功生成。

已用时间 00:00:04.42
