e:\codeingboy\documents\visual studio 2015\projects\mfcapplication1\mfcapplication1\debug\mfcapplication1.pch
e:\codeingboy\documents\visual studio 2015\projects\mfcapplication1\mfcapplication1\debug\vc140.pdb
e:\codeingboy\documents\visual studio 2015\projects\mfcapplication1\mfcapplication1\debug\vc140.idb
e:\codeingboy\documents\visual studio 2015\projects\mfcapplication1\mfcapplication1\debug\stdafx.obj
e:\codeingboy\documents\visual studio 2015\projects\mfcapplication1\mfcapplication1\debug\mfcapplication1.obj
e:\codeingboy\documents\visual studio 2015\projects\mfcapplication1\mfcapplication1\debug\maindlg.obj
e:\codeingboy\documents\visual studio 2015\projects\mfcapplication1\mfcapplication1\debug\wifimanager.obj
e:\codeingboy\documents\visual studio 2015\projects\mfcapplication1\debug\mfcapplication1.ilk
e:\codeingboy\documents\visual studio 2015\projects\mfcapplication1\debug\mfcapplication1.exe
e:\codeingboy\documents\visual studio 2015\projects\mfcapplication1\debug\mfcapplication1.pdb
e:\codeingboy\documents\visual studio 2015\projects\mfcapplication1\mfcapplication1\debug\mfcapplication1.res
e:\codeingboy\documents\github\wifisharer\mfcapplication1\debug\maindlg.obj
e:\codeingboy\documents\github\wifisharer\mfcapplication1\debug\mfcapplication1.obj
e:\codeingboy\documents\github\wifisharer\mfcapplication1\debug\stdafx.obj
e:\codeingboy\documents\github\wifisharer\mfcapplication1\debug\wifimanager.obj
e:\codeingboy\documents\github\wifisharer\mfcapplication1\debug\mfcapplication1.res
e:\codeingboy\documents\github\wifisharer\mfcapplication1\debug\mfcapplication1.pch
e:\codeingboy\documents\github\wifisharer\mfcapplication1\debug\vc140.idb
e:\codeingboy\documents\github\wifisharer\mfcapplication1\debug\vc140.pdb
e:\codeingboy\documents\github\wifisharer\debug\mfcapplication1.pdb
e:\codeingboy\documents\github\wifisharer\debug\mfcapplication1.exe
e:\codeingboy\documents\github\wifisharer\debug\mfcapplication1.ilk
e:\codeingboy\documents\github\wifisharer\mfcapplication1\debug\mfcapplication1.tlog\cl.command.1.tlog
e:\codeingboy\documents\github\wifisharer\mfcapplication1\debug\mfcapplication1.tlog\cl.read.1.tlog
e:\codeingboy\documents\github\wifisharer\mfcapplication1\debug\mfcapplication1.tlog\cl.write.1.tlog
e:\codeingboy\documents\github\wifisharer\mfcapplication1\debug\mfcapplication1.tlog\link.command.1.tlog
e:\codeingboy\documents\github\wifisharer\mfcapplication1\debug\mfcapplication1.tlog\link.read.1.tlog
e:\codeingboy\documents\github\wifisharer\mfcapplication1\debug\mfcapplication1.tlog\link.write.1.tlog
e:\codeingboy\documents\github\wifisharer\mfcapplication1\debug\mfcapplication1.tlog\rc.command.1.tlog
e:\codeingboy\documents\github\wifisharer\mfcapplication1\debug\mfcapplication1.tlog\rc.read.1.tlog
e:\codeingboy\documents\github\wifisharer\mfcapplication1\debug\mfcapplication1.tlog\rc.write.1.tlog
